[debug] [2024-09-04T05:04:27.214Z] ----------------------------------------------------------------------
[debug] [2024-09-04T05:04:27.217Z] Command:       C:\Program Files\nodejs\node.exe C:\Users\Jeffry\AppData\Roaming\npm\node_modules\firebase-tools\lib\bin\firebase.js deploy
[debug] [2024-09-04T05:04:27.218Z] CLI Version:   10.9.2
[debug] [2024-09-04T05:04:27.218Z] Platform:      win32
[debug] [2024-09-04T05:04:27.218Z] Node Version:  v16.17.1
[debug] [2024-09-04T05:04:27.219Z] Time:          Wed Sep 04 2024 13:04:27 GMT+0800 (Taipei Standard Time)
[debug] [2024-09-04T05:04:27.220Z] ----------------------------------------------------------------------
[debug] 
[debug] [2024-09-04T05:04:27.224Z] >>> [apiv2][query] GET https://firebase-public.firebaseio.com/cli.json [none]
[debug] [2024-09-04T05:04:27.346Z] > command requires scopes: ["email","openid","https://www.googleapis.com/auth/cloudplatformprojects.readonly","https://www.googleapis.com/auth/firebase","https://www.googleapis.com/auth/cloud-platform"]
[debug] [2024-09-04T05:04:27.346Z] > authorizing via signed-in user (jeffry0857@gmail.com)
[debug] [2024-09-04T05:04:27.346Z] [iam] checking project rental-management-45bc4 for permissions ["datastore.indexes.create","datastore.indexes.delete","datastore.indexes.list","datastore.indexes.update","firebase.projects.get","firebasehosting.sites.update","firebaserules.releases.create","firebaserules.releases.update","firebaserules.rulesets.create"]
[debug] [2024-09-04T05:04:27.347Z] > refreshing access token with scopes: []
[debug] [2024-09-04T05:04:27.348Z] >>> HTTP REQUEST POST https://www.googleapis.com/oauth2/v3/token  
 <request body omitted>
[debug] [2024-09-04T05:04:27.397Z] <<< HTTP RESPONSE 400 {"cache-control":"no-cache, no-store, max-age=0, must-revalidate","expires":"Mon, 01 Jan 1990 00:00:00 GMT","pragma":"no-cache","date":"Wed, 04 Sep 2024 05:04:26 GMT","content-type":"application/json; charset=utf-8","vary":"X-Origin, Referer, Origin,Accept-Encoding","server":"scaffolding on HTTPServer2","x-xss-protection":"0","x-frame-options":"SAMEORIGIN","x-content-type-options":"nosniff","alt-svc":"h3=\":443\"; ma=2592000,h3-29=\":443\"; ma=2592000","accept-ranges":"none","transfer-encoding":"chunked"}
[debug] [2024-09-04T05:04:27.398Z] >>> [apiv2][query] POST https://cloudresourcemanager.googleapis.com/v1/projects/rental-management-45bc4:testIamPermissions [none]
[debug] [2024-09-04T05:04:27.398Z] >>> [apiv2][body] POST https://cloudresourcemanager.googleapis.com/v1/projects/rental-management-45bc4:testIamPermissions {"permissions":["datastore.indexes.create","datastore.indexes.delete","datastore.indexes.list","datastore.indexes.update","firebase.projects.get","firebasehosting.sites.update","firebaserules.releases.create","firebaserules.releases.update","firebaserules.rulesets.create"]}
[debug] [2024-09-04T05:04:27.700Z] <<< [apiv2][status] GET https://firebase-public.firebaseio.com/cli.json 200
[debug] [2024-09-04T05:04:27.701Z] <<< [apiv2][body] GET https://firebase-public.firebaseio.com/cli.json {"cloudBuildErrorAfter":1594252800000,"cloudBuildWarnAfter":1590019200000,"defaultNode10After":1594252800000,"minVersion":"3.0.5","node8DeploysDisabledAfter":1613390400000,"node8RuntimeDisabledAfter":1615809600000,"node8WarnAfter":1600128000000}
[debug] [2024-09-04T05:04:28.162Z] <<< [apiv2][status] POST https://cloudresourcemanager.googleapis.com/v1/projects/rental-management-45bc4:testIamPermissions 401
[debug] [2024-09-04T05:04:28.162Z] <<< [apiv2][body] POST https://cloudresourcemanager.googleapis.com/v1/projects/rental-management-45bc4:testIamPermissions {"error":{"code":401,"message":"Request had invalid authentication credentials. Expected OAuth 2 access token, login cookie or other valid authentication credential. See https://developers.google.com/identity/sign-in/web/devconsole-project.","status":"UNAUTHENTICATED","details":[{"@type":"type.googleapis.com/google.rpc.ErrorInfo","reason":"ACCESS_TOKEN_TYPE_UNSUPPORTED","metadata":{"service":"cloudresourcemanager.googleapis.com","method":"google.cloudresourcemanager.v1.Projects.TestIamPermissions"}}]}}
[debug] [2024-09-04T05:04:28.163Z] [iam] error while checking permissions, command may fail: FirebaseError: HTTP Error: 401, Request had invalid authentication credentials. Expected OAuth 2 access token, login cookie or other valid authentication credential. See https://developers.google.com/identity/sign-in/web/devconsole-project.
[debug] [2024-09-04T05:04:28.163Z] > refreshing access token with scopes: []
[debug] [2024-09-04T05:04:28.163Z] >>> HTTP REQUEST POST https://www.googleapis.com/oauth2/v3/token  
 <request body omitted>
[debug] [2024-09-04T05:04:28.206Z] <<< HTTP RESPONSE 400 {"pragma":"no-cache","cache-control":"no-cache, no-store, max-age=0, must-revalidate","date":"Wed, 04 Sep 2024 05:04:27 GMT","expires":"Mon, 01 Jan 1990 00:00:00 GMT","content-type":"application/json; charset=utf-8","vary":"X-Origin, Referer, Origin,Accept-Encoding","server":"scaffolding on HTTPServer2","x-xss-protection":"0","x-frame-options":"SAMEORIGIN","x-content-type-options":"nosniff","alt-svc":"h3=\":443\"; ma=2592000,h3-29=\":443\"; ma=2592000","accept-ranges":"none","transfer-encoding":"chunked"}
[debug] [2024-09-04T05:04:28.209Z] >>> [apiv2][query] GET https://firebase.googleapis.com/v1beta1/projects/rental-management-45bc4 [none]
[debug] [2024-09-04T05:04:28.246Z] <<< [apiv2][status] GET https://firebase.googleapis.com/v1beta1/projects/rental-management-45bc4 401
[debug] [2024-09-04T05:04:28.246Z] <<< [apiv2][body] GET https://firebase.googleapis.com/v1beta1/projects/rental-management-45bc4 {"error":{"code":401,"message":"Request had invalid authentication credentials. Expected OAuth 2 access token, login cookie or other valid authentication credential. See https://developers.google.com/identity/sign-in/web/devconsole-project.","status":"UNAUTHENTICATED"}}
[debug] [2024-09-04T05:04:28.246Z] HTTP Error: 401, Request had invalid authentication credentials. Expected OAuth 2 access token, login cookie or other valid authentication credential. See https://developers.google.com/identity/sign-in/web/devconsole-project.
[debug] [2024-09-04T05:04:28.247Z] FirebaseError: HTTP Error: 401, Request had invalid authentication credentials. Expected OAuth 2 access token, login cookie or other valid authentication credential. See https://developers.google.com/identity/sign-in/web/devconsole-project.
    at module.exports (C:\Users\Jeffry\AppData\Roaming\npm\node_modules\firebase-tools\lib\responseToError.js:47:12)
    at RetryOperation._fn (C:\Users\Jeffry\AppData\Roaming\npm\node_modules\firebase-tools\lib\apiv2.js:286:39)
    at processTicksAndRejections (node:internal/process/task_queues:96:5)
[error] 
[error] Error: Failed to get Firebase project rental-management-45bc4. Please make sure the project exists and your account has permission to access it.
